Using pre-set license
Pro License: NO

 COMMAND LINE ARGUMENTS:
/Users/kaseyfu/Documents/2021.1.12f1/Unity.app/Contents/MacOS/Unity
-adb2
-batchMode
-noUpm
-name
AssetImportWorker0
-projectPath
/Users/kaseyfu/Documents/Roguelike Game
-logFile
Logs/AssetImportWorker0.log
-srvPort
60530
Successfully changed project path to: /Users/kaseyfu/Documents/Roguelike Game
/Users/kaseyfu/Documents/Roguelike Game
Using Asset Import Pipeline V2.
Refreshing native plugins compatible for Editor in 110.00 ms, found 3 plugins.
Preloading 0 native plugins for Editor in 0.00 ms.
Initialize engine version: 2021.1.12f1 (afcadd793de6)
[Subsystems] Discovering subsystems at path /Users/kaseyfu/Documents/2021.1.12f1/Unity.app/Contents/Resources/UnitySubsystems
[Subsystems] Discovering subsystems at path /Users/kaseyfu/Documents/Roguelike Game/Assets
GfxDevice: creating device client; threaded=0; jobified=0
2021-06-22 11:04:28.621 Unity[42667:1210465] P27h-20 preferred device: Intel(R) Iris(TM) Plus Graphics (low power)
2021-06-22 11:04:28.621 Unity[42667:1210465] Metal devices available: 1
2021-06-22 11:04:28.621 Unity[42667:1210465] 0: Intel(R) Iris(TM) Plus Graphics (low power)
2021-06-22 11:04:28.621 Unity[42667:1210465] Using device Intel(R) Iris(TM) Plus Graphics (low power)
Initializing Metal device caps: Intel(R) Iris(TM) Plus Graphics
Initialize mono
Mono path[0] = '/Users/kaseyfu/Documents/2021.1.12f1/Unity.app/Contents/Managed'
Mono path[1] = '/Users/kaseyfu/Documents/2021.1.12f1/Unity.app/Contents/MonoBleedingEdge/lib/mono/unityjit'
Mono config path = '/Users/kaseyfu/Documents/2021.1.12f1/Unity.app/Contents/MonoBleedingEdge/etc'
Using monoOptions --debugger-agent=transport=dt_socket,embedding=1,server=y,suspend=n,address=127.0.0.1:56667
Begin MonoManager ReloadAssembly
Registering precompiled unity dll's ...
Register platform support module: /Users/kaseyfu/Documents/2021.1.12f1/Unity.app/Contents/PlaybackEngines/MacStandaloneSupport/UnityEditor.OSXStandalone.Extensions.dll
Registered in 0.000638 seconds.
Native extension for OSXStandalone target not found
Refreshing native plugins compatible for Editor in 98.25 ms, found 3 plugins.
Preloading 0 native plugins for Editor in 0.00 ms.
Mono: successfully reloaded assembly
- Completed reload, in  1.748 seconds
Domain Reload Profiling:
	ReloadAssembly (1748ms)
		BeginReloadAssembly (44ms)
			ExecutionOrderSort (0ms)
			DisableScriptedObjects (0ms)
			BackupInstance (0ms)
			ReleaseScriptingObjects (0ms)
			CreateAndSetChildDomain (1ms)
		EndReloadAssembly (590ms)
			LoadAssemblies (43ms)
			RebuildTransferFunctionScriptingTraits (0ms)
			SetupTypeCache (219ms)
			ReleaseScriptCaches (0ms)
			RebuildScriptCaches (39ms)
			SetupLoadedEditorAssemblies (278ms)
				LogAssemblyErrors (0ms)
				InitializePlatformSupportModulesInManaged (7ms)
				SetLoadedEditorAssemblies (0ms)
				RefreshPlugins (98ms)
				BeforeProcessingInitializeOnLoad (1ms)
				ProcessInitializeOnLoadAttributes (133ms)
				ProcessInitializeOnLoadMethodAttributes (37ms)
				AfterProcessingInitializeOnLoad (0ms)
				EditorAssembliesLoaded (0ms)
			ExecutionOrderSort2 (0ms)
			AwakeInstancesAfterBackupRestoration (0ms)
Platform modules already initialized, skipping
Registering precompiled user dll's ...
Registered in 0.005513 seconds.
Begin MonoManager ReloadAssembly
Symbol file LoadedFromMemory doesn't match image /Users/kaseyfu/Documents/Roguelike Game/Library/PackageCache/com.unity.visualscripting@1.6.1/Editor/VisualScripting.Core/Dependencies/YamlDotNet/Unity.VisualScripting.YamlDotNet.dll
Symbol file LoadedFromMemory doesn't match image /Users/kaseyfu/Documents/Roguelike Game/Library/PackageCache/com.unity.visualscripting@1.6.1/Editor/VisualScripting.Core/Dependencies/DotNetZip/Unity.VisualScripting.IonicZip.dll
Native extension for OSXStandalone target not found
Refreshing native plugins compatible for Editor in 100.51 ms, found 3 plugins.
Preloading 0 native plugins for Editor in 0.00 ms.
Mono: successfully reloaded assembly
- Completed reload, in  1.548 seconds
Domain Reload Profiling:
	ReloadAssembly (1548ms)
		BeginReloadAssembly (167ms)
			ExecutionOrderSort (0ms)
			DisableScriptedObjects (5ms)
			BackupInstance (0ms)
			ReleaseScriptingObjects (0ms)
			CreateAndSetChildDomain (36ms)
		EndReloadAssembly (1309ms)
			LoadAssemblies (89ms)
			RebuildTransferFunctionScriptingTraits (0ms)
			SetupTypeCache (481ms)
			ReleaseScriptCaches (1ms)
			RebuildScriptCaches (75ms)
			SetupLoadedEditorAssemblies (532ms)
				LogAssemblyErrors (0ms)
				InitializePlatformSupportModulesInManaged (4ms)
				SetLoadedEditorAssemblies (0ms)
				RefreshPlugins (101ms)
				BeforeProcessingInitializeOnLoad (78ms)
				ProcessInitializeOnLoadAttributes (279ms)
				ProcessInitializeOnLoadMethodAttributes (68ms)
				AfterProcessingInitializeOnLoad (1ms)
				EditorAssembliesLoaded (0ms)
			ExecutionOrderSort2 (0ms)
			AwakeInstancesAfterBackupRestoration (10ms)
Platform modules already initialized, skipping
========================================================================
Worker process is ready to serve import requests
Launching external process: /Users/kaseyfu/Documents/2021.1.12f1/Unity.app/Contents/Tools/UnityShaderCompiler
Launched and connected shader compiler UnityShaderCompiler after 0.03 seconds
Refreshing native plugins compatible for Editor in 0.64 ms, found 3 plugins.
Preloading 0 native plugins for Editor in 0.00 ms.
Unloading 4075 Unused Serialized files (Serialized files now loaded: 0)
System memory in use before: 244.5 MB.
System memory in use after: 244.7 MB.

Unloading 32 unused Assets to reduce memory usage. Loaded Objects now: 4525.
Total: 2.635021 ms (FindLiveObjects: 0.264731 ms CreateObjectMapping: 0.137892 ms MarkObjects: 2.165669 ms  DeleteObjects: 0.065841 ms)

AssetImportParameters requested are different than current active one (requested -> active):
  custom:video-decoder-ogg-theora: a1e56fd34408186e4bbccfd4996cb3dc -> 
  custom:container-muxer-webm: aa71ff27fc2769a1b78a27578f13a17b -> 
  custom:container-demuxer-webm: 4f35f7cbe854078d1ac9338744f61a02 -> 
  custom:container-demuxer-ogg: 62fdf1f143b41e24485cea50d1cbac27 -> 
  custom:video-encoder-webm-vp8: eb34c28f22e8b96e1ab97ce403110664 -> 
  custom:framework-osx-AVFoundation: b23960f63f64bdc6ff669e2cdcee2391 -> 
  custom:video-decoder-webm-vp8: 9c59270c3fd7afecdb556c50c9e8de78 -> 
  custom:audio-decoder-ogg-vorbis: bf7c407c2cedff20999df2af8eb42d56 -> 
  custom:audio-encoder-webm-vorbis: bf7c407c2cedff20999df2af8eb42d56 -> 
========================================================================
Received Import Request.
  path: Assets/_Complete-Game/Prefabs/GameManager.prefab
  artifactKey: Guid(1ca8c6e960c494bbd937610290f80d1b) Importer(815301076,1909f56bfc062723c751e8b465ee728b)
Start importing Assets/_Complete-Game/Prefabs/GameManager.prefab using Guid(1ca8c6e960c494bbd937610290f80d1b) Importer(815301076,1909f56bfc062723c751e8b465ee728b)  -> (artifact id: '207518381d4d7276f3381a1b8f7353d3') in 0.287106 seconds 
========================================================================
Received Import Request.
  Time since last request: 0.000478 seconds.
  path: Assets/_Complete-Game/Prefabs/Player.prefab
  artifactKey: Guid(28b53fc28d3a140c392f0e2d919f9de1) Importer(815301076,1909f56bfc062723c751e8b465ee728b)
Start importing Assets/_Complete-Game/Prefabs/Player.prefab using Guid(28b53fc28d3a140c392f0e2d919f9de1) Importer(815301076,1909f56bfc062723c751e8b465ee728b)  -> (artifact id: 'e2d7d3df18d32d910fede0938c892024') in 0.010679 seconds 
========================================================================
Received Import Request.
  Time since last request: 0.000367 seconds.
  path: Assets/_Complete-Game/Prefabs/Wall8.prefab
  artifactKey: Guid(741804431f4d341cdae1f15b3896aeff) Importer(815301076,1909f56bfc062723c751e8b465ee728b)
Start importing Assets/_Complete-Game/Prefabs/Wall8.prefab using Guid(741804431f4d341cdae1f15b3896aeff) Importer(815301076,1909f56bfc062723c751e8b465ee728b)  -> (artifact id: '9539423a4d39376c49600738354e9f63') in 0.108303 seconds 
========================================================================
Received Import Request.
  Time since last request: 0.000385 seconds.
  path: Assets/_Complete-Game/Prefabs/SoundManager.prefab
  artifactKey: Guid(76cd81135280f4ad6a4fa80f6422aea2) Importer(815301076,1909f56bfc062723c751e8b465ee728b)
Start importing Assets/_Complete-Game/Prefabs/SoundManager.prefab using Guid(76cd81135280f4ad6a4fa80f6422aea2) Importer(815301076,1909f56bfc062723c751e8b465ee728b)  -> (artifact id: '7f82af301002ba00d35df018fb07292b') in 0.003799 seconds 
========================================================================
Received Import Request.
  Time since last request: 0.000478 seconds.
  path: Assets/_Complete-Game/Prefabs/Wall6.prefab
  artifactKey: Guid(5ddc2d7828b2d462286f09274199ad9a) Importer(815301076,1909f56bfc062723c751e8b465ee728b)
Start importing Assets/_Complete-Game/Prefabs/Wall6.prefab using Guid(5ddc2d7828b2d462286f09274199ad9a) Importer(815301076,1909f56bfc062723c751e8b465ee728b)  -> (artifact id: 'bb0d50c79b3aca56209a1fa179386409') in 0.008807 seconds 
========================================================================
Received Import Request.
  Time since last request: 0.000235 seconds.
  path: Assets/_Complete-Game/Prefabs/Soda.prefab
  artifactKey: Guid(46e8bf4bf645a47e3ae1b60c7e18418c) Importer(815301076,1909f56bfc062723c751e8b465ee728b)
Start importing Assets/_Complete-Game/Prefabs/Soda.prefab using Guid(46e8bf4bf645a47e3ae1b60c7e18418c) Importer(815301076,1909f56bfc062723c751e8b465ee728b)  -> (artifact id: '369bcee7d97e7bbfb35ea015fffb83d3') in 0.011900 seconds 
========================================================================
Received Import Request.
  Time since last request: 0.000241 seconds.
  path: Assets/_Complete-Game/Prefabs/Floor2.prefab
  artifactKey: Guid(41775b29042354678bcd58bb1a75871e) Importer(815301076,1909f56bfc062723c751e8b465ee728b)
Start importing Assets/_Complete-Game/Prefabs/Floor2.prefab using Guid(41775b29042354678bcd58bb1a75871e) Importer(815301076,1909f56bfc062723c751e8b465ee728b)  -> (artifact id: '595a0c56dad430897f4dd3f7168377aa') in 0.007426 seconds 
========================================================================
Received Import Request.
  Time since last request: 0.000224 seconds.
  path: Assets/_Complete-Game/Prefabs/Food.prefab
  artifactKey: Guid(ad25a4e752915438e9f55a35bedacf1f) Importer(815301076,1909f56bfc062723c751e8b465ee728b)
Start importing Assets/_Complete-Game/Prefabs/Food.prefab using Guid(ad25a4e752915438e9f55a35bedacf1f) Importer(815301076,1909f56bfc062723c751e8b465ee728b)  -> (artifact id: 'b9174192b06db55a539244c0e6856500') in 0.007432 seconds 
========================================================================
Received Import Request.
  Time since last request: 0.000218 seconds.
  path: Assets/_Complete-Game/Prefabs/OuterWall3.prefab
  artifactKey: Guid(e85c94355cc4641da919bd5d0ac956d4) Importer(815301076,1909f56bfc062723c751e8b465ee728b)
Start importing Assets/_Complete-Game/Prefabs/OuterWall3.prefab using Guid(e85c94355cc4641da919bd5d0ac956d4) Importer(815301076,1909f56bfc062723c751e8b465ee728b)  -> (artifact id: '630cf47ed58c4432baa1d196884a68a3') in 0.007671 seconds 
========================================================================
Received Import Request.
  Time since last request: 0.000237 seconds.
  path: Assets/_Complete-Game/Prefabs/Wall4.prefab
  artifactKey: Guid(022eda2f1f0cb45e28ff6840b68928bc) Importer(815301076,1909f56bfc062723c751e8b465ee728b)
Start importing Assets/_Complete-Game/Prefabs/Wall4.prefab using Guid(022eda2f1f0cb45e28ff6840b68928bc) Importer(815301076,1909f56bfc062723c751e8b465ee728b)  -> (artifact id: 'f7fae54e226fba2e7905013da4caa27a') in 0.009109 seconds 
========================================================================
Received Import Request.
  Time since last request: 0.000336 seconds.
  path: Assets/_Complete-Game/Prefabs/OuterWall1.prefab
  artifactKey: Guid(7094f72151ec74f569c4e03f1ec0f8e7) Importer(815301076,1909f56bfc062723c751e8b465ee728b)
Start importing Assets/_Complete-Game/Prefabs/OuterWall1.prefab using Guid(7094f72151ec74f569c4e03f1ec0f8e7) Importer(815301076,1909f56bfc062723c751e8b465ee728b)  -> (artifact id: 'ea80ca64ef6f7c51ff67a980c77768e3') in 0.008885 seconds 
========================================================================
Received Import Request.
  Time since last request: 0.000359 seconds.
  path: Assets/_Complete-Game/Prefabs/Exit.prefab
  artifactKey: Guid(cb0f3020bafec423aa31d0e491c4b811) Importer(815301076,1909f56bfc062723c751e8b465ee728b)
Start importing Assets/_Complete-Game/Prefabs/Exit.prefab using Guid(cb0f3020bafec423aa31d0e491c4b811) Importer(815301076,1909f56bfc062723c751e8b465ee728b)  -> (artifact id: '75ac7e75fffe2af583171363491242c9') in 0.011068 seconds 
========================================================================
Received Import Request.
  Time since last request: 0.000340 seconds.
  path: Assets/_Complete-Game/Prefabs/Floor5.prefab
  artifactKey: Guid(04993e7a7b0514f0c8857ff106529ce1) Importer(815301076,1909f56bfc062723c751e8b465ee728b)
Start importing Assets/_Complete-Game/Prefabs/Floor5.prefab using Guid(04993e7a7b0514f0c8857ff106529ce1) Importer(815301076,1909f56bfc062723c751e8b465ee728b)  -> (artifact id: 'ec69aee3beb8e4bba0169ab1b94caa60') in 0.009709 seconds 
========================================================================
Received Import Request.
  Time since last request: 0.000207 seconds.
  path: Assets/_Complete-Game/Prefabs/Wall7.prefab
  artifactKey: Guid(64139c47b57e34c5fa97fd79f8d25244) Importer(815301076,1909f56bfc062723c751e8b465ee728b)
Start importing Assets/_Complete-Game/Prefabs/Wall7.prefab using Guid(64139c47b57e34c5fa97fd79f8d25244) Importer(815301076,1909f56bfc062723c751e8b465ee728b)  -> (artifact id: 'dfe4c3a5823710ba0daaa44b7ab63139') in 0.011068 seconds 
========================================================================
Received Import Request.
  Time since last request: 0.000296 seconds.
  path: Assets/_Complete-Game/Prefabs/Floor4.prefab
  artifactKey: Guid(ed4c829589732490894350b134530050) Importer(815301076,1909f56bfc062723c751e8b465ee728b)
Start importing Assets/_Complete-Game/Prefabs/Floor4.prefab using Guid(ed4c829589732490894350b134530050) Importer(815301076,1909f56bfc062723c751e8b465ee728b)  -> (artifact id: '30acdd1a7505ee307bc21ad66d53d04b') in 0.009903 seconds 
========================================================================
Received Import Request.
  Time since last request: 0.000343 seconds.
  path: Assets/_Complete-Game/Prefabs/Enemy1.prefab
  artifactKey: Guid(ebfba08a213d34c46ba2b1947aeaea83) Importer(815301076,1909f56bfc062723c751e8b465ee728b)
Start importing Assets/_Complete-Game/Prefabs/Enemy1.prefab using Guid(ebfba08a213d34c46ba2b1947aeaea83) Importer(815301076,1909f56bfc062723c751e8b465ee728b)  -> (artifact id: 'a9e9088b83d9eaeeba56c8f36923670d') in 0.004455 seconds 
========================================================================
Received Import Request.
  Time since last request: 0.000325 seconds.
  path: Assets/_Complete-Game/Prefabs/Wall3.prefab
  artifactKey: Guid(01ca47a83ebe24ca5a2f6b1d6dcd7481) Importer(815301076,1909f56bfc062723c751e8b465ee728b)
Start importing Assets/_Complete-Game/Prefabs/Wall3.prefab using Guid(01ca47a83ebe24ca5a2f6b1d6dcd7481) Importer(815301076,1909f56bfc062723c751e8b465ee728b)  -> (artifact id: '5fb3367b43215accf94f13a8004028c4') in 0.009730 seconds 
========================================================================
Received Import Request.
  Time since last request: 0.000278 seconds.
  path: Assets/_Complete-Game/Prefabs/Wall5.prefab
  artifactKey: Guid(e1816487b15cd4c5fbd9587521e068ca) Importer(815301076,1909f56bfc062723c751e8b465ee728b)
Start importing Assets/_Complete-Game/Prefabs/Wall5.prefab using Guid(e1816487b15cd4c5fbd9587521e068ca) Importer(815301076,1909f56bfc062723c751e8b465ee728b)  -> (artifact id: '724b3bdb6cf093ab21a5753c704c4a13') in 0.012392 seconds 
========================================================================
Received Import Request.
  Time since last request: 0.000280 seconds.
  path: Assets/_Complete-Game/Prefabs/Enemy2.prefab
  artifactKey: Guid(089a2f2c322ea40f9afdfaba0550c6d3) Importer(815301076,1909f56bfc062723c751e8b465ee728b)
Start importing Assets/_Complete-Game/Prefabs/Enemy2.prefab using Guid(089a2f2c322ea40f9afdfaba0550c6d3) Importer(815301076,1909f56bfc062723c751e8b465ee728b)  -> (artifact id: 'c15136caf6431686deedb47169ffa044') in 0.003144 seconds 
========================================================================
Received Import Request.
  Time since last request: 0.000249 seconds.
  path: Assets/_Complete-Game/Prefabs/Floor1.prefab
  artifactKey: Guid(038998774947c4a8fa170d5b4492a7dd) Importer(815301076,1909f56bfc062723c751e8b465ee728b)
Start importing Assets/_Complete-Game/Prefabs/Floor1.prefab using Guid(038998774947c4a8fa170d5b4492a7dd) Importer(815301076,1909f56bfc062723c751e8b465ee728b)  -> (artifact id: '7a251fbc6fb7ce5a4761644ac14e9c54') in 0.009386 seconds 
========================================================================
Received Import Request.
  Time since last request: 0.000363 seconds.
  path: Assets/_Complete-Game/Prefabs/Floor3.prefab
  artifactKey: Guid(74398dca0c1f64f34aab8ba7bdb6c527) Importer(815301076,1909f56bfc062723c751e8b465ee728b)
Start importing Assets/_Complete-Game/Prefabs/Floor3.prefab using Guid(74398dca0c1f64f34aab8ba7bdb6c527) Importer(815301076,1909f56bfc062723c751e8b465ee728b)  -> (artifact id: 'b9149197c2b5e3be5d89c3f470b3771e') in 0.011399 seconds 
========================================================================
Received Import Request.
  Time since last request: 0.000263 seconds.
  path: Assets/_Complete-Game/Prefabs/OuterWall2.prefab
  artifactKey: Guid(b0ace21a29149403094422fb3bd96aa9) Importer(815301076,1909f56bfc062723c751e8b465ee728b)
Start importing Assets/_Complete-Game/Prefabs/OuterWall2.prefab using Guid(b0ace21a29149403094422fb3bd96aa9) Importer(815301076,1909f56bfc062723c751e8b465ee728b)  -> (artifact id: '391cb6e547191196ace0c62997cfb05b') in 0.009129 seconds 
========================================================================
Received Import Request.
  Time since last request: 0.000266 seconds.
  path: Assets/_Complete-Game/Prefabs/Wall1.prefab
  artifactKey: Guid(2570048905bd94d6f8a99d13b80daf90) Importer(815301076,1909f56bfc062723c751e8b465ee728b)
Start importing Assets/_Complete-Game/Prefabs/Wall1.prefab using Guid(2570048905bd94d6f8a99d13b80daf90) Importer(815301076,1909f56bfc062723c751e8b465ee728b)  -> (artifact id: '986d2fe33594f924f808cb081ca1908e') in 0.011977 seconds 
========================================================================
Received Import Request.
  Time since last request: 0.000281 seconds.
  path: Assets/_Complete-Game/Prefabs/Floor6.prefab
  artifactKey: Guid(4cdf8ac85eff446d0a8fefbdc8c6569f) Importer(815301076,1909f56bfc062723c751e8b465ee728b)
Start importing Assets/_Complete-Game/Prefabs/Floor6.prefab using Guid(4cdf8ac85eff446d0a8fefbdc8c6569f) Importer(815301076,1909f56bfc062723c751e8b465ee728b)  -> (artifact id: '815303bb47cc5d07e14a57c398832620') in 0.011128 seconds 
========================================================================
Received Import Request.
  Time since last request: 0.000263 seconds.
  path: Assets/_Complete-Game/Prefabs/Floor8.prefab
  artifactKey: Guid(c18e9692903814865aa9a855aaa66df5) Importer(815301076,1909f56bfc062723c751e8b465ee728b)
Start importing Assets/_Complete-Game/Prefabs/Floor8.prefab using Guid(c18e9692903814865aa9a855aaa66df5) Importer(815301076,1909f56bfc062723c751e8b465ee728b)  -> (artifact id: 'f9d25b4e37fea3ef9e537874ba3352f5') in 0.010176 seconds 
========================================================================
Received Import Request.
  Time since last request: 0.000230 seconds.
  path: Assets/_Complete-Game/Prefabs/Floor7.prefab
  artifactKey: Guid(5535fd6cd705e4a79a1d5a4f114de5dc) Importer(815301076,1909f56bfc062723c751e8b465ee728b)
Start importing Assets/_Complete-Game/Prefabs/Floor7.prefab using Guid(5535fd6cd705e4a79a1d5a4f114de5dc) Importer(815301076,1909f56bfc062723c751e8b465ee728b)  -> (artifact id: '6592becb9725c798cc6a156aec4cfddc') in 0.008704 seconds 
========================================================================
Received Import Request.
  Time since last request: 0.000369 seconds.
  path: Assets/_Complete-Game/Prefabs/Wall2.prefab
  artifactKey: Guid(b86334000bc0f47ba8dd33ea88cfcdb1) Importer(815301076,1909f56bfc062723c751e8b465ee728b)
Start importing Assets/_Complete-Game/Prefabs/Wall2.prefab using Guid(b86334000bc0f47ba8dd33ea88cfcdb1) Importer(815301076,1909f56bfc062723c751e8b465ee728b)  -> (artifact id: '8f47a0edc23d1d35e41d6fc9e4daaee2') in 0.009418 seconds 
========================================================================
Received Import Request.
  Time since last request: 28.942187 seconds.
  path: Assets/AddressableAssetsData/AddressableAssetSettings.asset
  artifactKey: Guid(e6a12677e44cf974596ad6ed373f1971) Importer(815301076,1909f56bfc062723c751e8b465ee728b)
Start importing Assets/AddressableAssetsData/AddressableAssetSettings.asset using Guid(e6a12677e44cf974596ad6ed373f1971) Importer(815301076,1909f56bfc062723c751e8b465ee728b)  -> (artifact id: '1b40c7b2f637036098d53d6db730c3d8') in 0.162326 seconds 
========================================================================
Received Import Request.
  Time since last request: 0.000350 seconds.
  path: Assets/AddressableAssetsData/DefaultObject.asset
  artifactKey: Guid(d365a745df35a474b9a9c2fed8a31424) Importer(815301076,1909f56bfc062723c751e8b465ee728b)
Start importing Assets/AddressableAssetsData/DefaultObject.asset using Guid(d365a745df35a474b9a9c2fed8a31424) Importer(815301076,1909f56bfc062723c751e8b465ee728b)  -> (artifact id: '2a3efa7c61a255477337b7d8f101fbd3') in 0.002582 seconds 
========================================================================
Received Import Request.
  Time since last request: 725.790746 seconds.
  path: Assets/AddressableAssetsData/AssetGroups/Built In Data.asset
  artifactKey: Guid(7188ab9ffda8a1e478dbf167290b858e) Importer(815301076,1909f56bfc062723c751e8b465ee728b)
Start importing Assets/AddressableAssetsData/AssetGroups/Built In Data.asset using Guid(7188ab9ffda8a1e478dbf167290b858e) Importer(815301076,1909f56bfc062723c751e8b465ee728b)  -> (artifact id: 'f4664cbb034422d91cc1d73a1cdfeab8') in 0.004693 seconds 
========================================================================
Received Import Request.
  Time since last request: 0.000407 seconds.
  path: Assets/AddressableAssetsData/AssetGroups/Default Local Group.asset
  artifactKey: Guid(e9827415f14630f48a260077bf85eac4) Importer(815301076,1909f56bfc062723c751e8b465ee728b)
Start importing Assets/AddressableAssetsData/AssetGroups/Default Local Group.asset using Guid(e9827415f14630f48a260077bf85eac4) Importer(815301076,1909f56bfc062723c751e8b465ee728b)  -> (artifact id: '53c31c8d6ae5ab5c5590d5293f39a848') in 0.003296 seconds 
========================================================================
Received Import Request.
  Time since last request: 0.000656 seconds.
  path: Assets/AddressableAssetsData/AssetGroups/FloorTiles.asset
  artifactKey: Guid(458b10fa492279f438efbe01964fca18) Importer(815301076,1909f56bfc062723c751e8b465ee728b)
Start importing Assets/AddressableAssetsData/AssetGroups/FloorTiles.asset using Guid(458b10fa492279f438efbe01964fca18) Importer(815301076,1909f56bfc062723c751e8b465ee728b)  -> (artifact id: '61b3bc28e5f3a720efb175e2cf697b40') in 0.003237 seconds 
========================================================================
Received Import Request.
  Time since last request: 1343.229970 seconds.
  path: Assets/_Complete-Game/Scenes/Main.unity
  artifactKey: Guid(329f4be6b831e43008ec1ddeaae85de9) Importer(815301076,1909f56bfc062723c751e8b465ee728b)
Start importing Assets/_Complete-Game/Scenes/Main.unity using Guid(329f4be6b831e43008ec1ddeaae85de9) Importer(815301076,1909f56bfc062723c751e8b465ee728b)  -> (artifact id: 'a6bdc202100d22ee9161c7e74dae8da5') in 0.002189 seconds 
========================================================================
Received Prepare
Registering precompiled user dll's ...
Registered in 0.006459 seconds.
Begin MonoManager ReloadAssembly
Symbol file LoadedFromMemory doesn't match image /Users/kaseyfu/Documents/Roguelike Game/Library/PackageCache/com.unity.visualscripting@1.6.1/Editor/VisualScripting.Core/Dependencies/YamlDotNet/Unity.VisualScripting.YamlDotNet.dll
Symbol file LoadedFromMemory doesn't match image /Users/kaseyfu/Documents/Roguelike Game/Library/PackageCache/com.unity.visualscripting@1.6.1/Editor/VisualScripting.Core/Dependencies/DotNetZip/Unity.VisualScripting.IonicZip.dll
Native extension for OSXStandalone target not found
Refreshing native plugins compatible for Editor in 0.64 ms, found 3 plugins.
Preloading 0 native plugins for Editor in 0.00 ms.
Mono: successfully reloaded assembly
- Completed reload, in  1.349 seconds
Domain Reload Profiling:
	ReloadAssembly (1350ms)
		BeginReloadAssembly (150ms)
			ExecutionOrderSort (0ms)
			DisableScriptedObjects (7ms)
			BackupInstance (0ms)
			ReleaseScriptingObjects (0ms)
			CreateAndSetChildDomain (84ms)
		EndReloadAssembly (1131ms)
			LoadAssemblies (84ms)
			RebuildTransferFunctionScriptingTraits (1ms)
			SetupTypeCache (468ms)
			ReleaseScriptCaches (2ms)
			RebuildScriptCaches (61ms)
			SetupLoadedEditorAssemblies (352ms)
				LogAssemblyErrors (0ms)
				InitializePlatformSupportModulesInManaged (5ms)
				SetLoadedEditorAssemblies (0ms)
				RefreshPlugins (1ms)
				BeforeProcessingInitializeOnLoad (58ms)
				ProcessInitializeOnLoadAttributes (254ms)
				ProcessInitializeOnLoadMethodAttributes (32ms)
				AfterProcessingInitializeOnLoad (1ms)
				EditorAssembliesLoaded (0ms)
			ExecutionOrderSort2 (0ms)
			AwakeInstancesAfterBackupRestoration (12ms)
Platform modules already initialized, skipping
Switching build target platform(2) subTarget(0) extendedPlatform(0) -> platform(9) subTarget(16777218) extendedPlatform(0)
Refreshing native plugins compatible for Editor in 0.89 ms, found 3 plugins.
Preloading 0 native plugins for Editor in 0.00 ms.
Unloading 4058 Unused Serialized files (Serialized files now loaded: 0)
System memory in use before: 257.1 MB.
System memory in use after: 257.4 MB.

Unloading 21 unused Assets to reduce memory usage. Loaded Objects now: 4540.
Total: 3.870465 ms (FindLiveObjects: 0.459522 ms CreateObjectMapping: 0.237125 ms MarkObjects: 3.146737 ms  DeleteObjects: 0.025757 ms)

AssetImportParameters requested are different than current active one (requested -> active):
  custom:video-decoder-ogg-theora: a1e56fd34408186e4bbccfd4996cb3dc -> 
  custom:container-muxer-webm: aa71ff27fc2769a1b78a27578f13a17b -> 
  custom:container-demuxer-webm: 4f35f7cbe854078d1ac9338744f61a02 -> 
  custom:container-demuxer-ogg: 62fdf1f143b41e24485cea50d1cbac27 -> 
  custom:video-encoder-webm-vp8: eb34c28f22e8b96e1ab97ce403110664 -> 
  custom:framework-osx-AVFoundation: b23960f63f64bdc6ff669e2cdcee2391 -> 
  custom:video-decoder-webm-vp8: 9c59270c3fd7afecdb556c50c9e8de78 -> 
  custom:graphics/normal-map-encoding: 01000000000000000000000000000000 -> 02000000000000000000000000000000
  custom:audio-decoder-ogg-vorbis: bf7c407c2cedff20999df2af8eb42d56 -> 
  custom:audio-encoder-webm-vorbis: bf7c407c2cedff20999df2af8eb42d56 -> 
========================================================================
Received Prepare
Registering precompiled user dll's ...
Registered in 0.007102 seconds.
Begin MonoManager ReloadAssembly
Symbol file LoadedFromMemory doesn't match image /Users/kaseyfu/Documents/Roguelike Game/Library/PackageCache/com.unity.visualscripting@1.6.1/Editor/VisualScripting.Core/Dependencies/YamlDotNet/Unity.VisualScripting.YamlDotNet.dll
Symbol file LoadedFromMemory doesn't match image /Users/kaseyfu/Documents/Roguelike Game/Library/PackageCache/com.unity.visualscripting@1.6.1/Editor/VisualScripting.Core/Dependencies/DotNetZip/Unity.VisualScripting.IonicZip.dll
Native extension for OSXStandalone target not found
Refreshing native plugins compatible for Editor in 0.77 ms, found 3 plugins.
Preloading 0 native plugins for Editor in 0.00 ms.
Mono: successfully reloaded assembly
- Completed reload, in  1.389 seconds
Domain Reload Profiling:
	ReloadAssembly (1389ms)
		BeginReloadAssembly (157ms)
			ExecutionOrderSort (0ms)
			DisableScriptedObjects (6ms)
			BackupInstance (0ms)
			ReleaseScriptingObjects (0ms)
			CreateAndSetChildDomain (87ms)
		EndReloadAssembly (1151ms)
			LoadAssemblies (96ms)
			RebuildTransferFunctionScriptingTraits (0ms)
			SetupTypeCache (498ms)
			ReleaseScriptCaches (2ms)
			RebuildScriptCaches (60ms)
			SetupLoadedEditorAssemblies (328ms)
				LogAssemblyErrors (0ms)
				InitializePlatformSupportModulesInManaged (5ms)
				SetLoadedEditorAssemblies (0ms)
				RefreshPlugins (1ms)
				BeforeProcessingInitializeOnLoad (57ms)
				ProcessInitializeOnLoadAttributes (248ms)
				ProcessInitializeOnLoadMethodAttributes (15ms)
				AfterProcessingInitializeOnLoad (1ms)
				EditorAssembliesLoaded (0ms)
			ExecutionOrderSort2 (0ms)
			AwakeInstancesAfterBackupRestoration (22ms)
Platform modules already initialized, skipping
Switching build target platform(2) subTarget(0) extendedPlatform(0) -> platform(9) subTarget(16777218) extendedPlatform(0)
Refreshing native plugins compatible for Editor in 0.65 ms, found 3 plugins.
Preloading 0 native plugins for Editor in 0.00 ms.
Unloading 4053 Unused Serialized files (Serialized files now loaded: 0)
System memory in use before: 257.3 MB.
System memory in use after: 257.5 MB.

Unloading 20 unused Assets to reduce memory usage. Loaded Objects now: 4544.
Total: 2.660608 ms (FindLiveObjects: 0.330632 ms CreateObjectMapping: 0.132332 ms MarkObjects: 2.175233 ms  DeleteObjects: 0.021335 ms)

AssetImportParameters requested are different than current active one (requested -> active):
  custom:video-decoder-ogg-theora: a1e56fd34408186e4bbccfd4996cb3dc -> 
  custom:container-muxer-webm: aa71ff27fc2769a1b78a27578f13a17b -> 
  custom:container-demuxer-webm: 4f35f7cbe854078d1ac9338744f61a02 -> 
  custom:container-demuxer-ogg: 62fdf1f143b41e24485cea50d1cbac27 -> 
  custom:video-encoder-webm-vp8: eb34c28f22e8b96e1ab97ce403110664 -> 
  custom:framework-osx-AVFoundation: b23960f63f64bdc6ff669e2cdcee2391 -> 
  custom:video-decoder-webm-vp8: 9c59270c3fd7afecdb556c50c9e8de78 -> 
  custom:graphics/normal-map-encoding: 01000000000000000000000000000000 -> 02000000000000000000000000000000
  custom:audio-decoder-ogg-vorbis: bf7c407c2cedff20999df2af8eb42d56 -> 
  custom:audio-encoder-webm-vorbis: bf7c407c2cedff20999df2af8eb42d56 -> 
========================================================================
Received Prepare
Registering precompiled user dll's ...
Registered in 0.016561 seconds.
Begin MonoManager ReloadAssembly
Symbol file LoadedFromMemory doesn't match image /Users/kaseyfu/Documents/Roguelike Game/Library/PackageCache/com.unity.visualscripting@1.6.1/Editor/VisualScripting.Core/Dependencies/YamlDotNet/Unity.VisualScripting.YamlDotNet.dll
Symbol file LoadedFromMemory doesn't match image /Users/kaseyfu/Documents/Roguelike Game/Library/PackageCache/com.unity.visualscripting@1.6.1/Editor/VisualScripting.Core/Dependencies/DotNetZip/Unity.VisualScripting.IonicZip.dll
Native extension for OSXStandalone target not found
Refreshing native plugins compatible for Editor in 0.63 ms, found 3 plugins.
Preloading 0 native plugins for Editor in 0.00 ms.
Mono: successfully reloaded assembly
- Completed reload, in  1.463 seconds
Domain Reload Profiling:
	ReloadAssembly (1463ms)
		BeginReloadAssembly (157ms)
			ExecutionOrderSort (0ms)
			DisableScriptedObjects (7ms)
			BackupInstance (0ms)
			ReleaseScriptingObjects (0ms)
			CreateAndSetChildDomain (81ms)
		EndReloadAssembly (1238ms)
			LoadAssemblies (137ms)
			RebuildTransferFunctionScriptingTraits (0ms)
			SetupTypeCache (461ms)
			ReleaseScriptCaches (2ms)
			RebuildScriptCaches (65ms)
			SetupLoadedEditorAssemblies (364ms)
				LogAssemblyErrors (0ms)
				InitializePlatformSupportModulesInManaged (6ms)
				SetLoadedEditorAssemblies (0ms)
				RefreshPlugins (1ms)
				BeforeProcessingInitializeOnLoad (63ms)
				ProcessInitializeOnLoadAttributes (275ms)
				ProcessInitializeOnLoadMethodAttributes (18ms)
				AfterProcessingInitializeOnLoad (1ms)
				EditorAssembliesLoaded (0ms)
			ExecutionOrderSort2 (0ms)
			AwakeInstancesAfterBackupRestoration (21ms)
Platform modules already initialized, skipping
Switching build target platform(2) subTarget(0) extendedPlatform(0) -> platform(9) subTarget(16777218) extendedPlatform(0)
Refreshing native plugins compatible for Editor in 0.72 ms, found 3 plugins.
Preloading 0 native plugins for Editor in 0.00 ms.
Unloading 4053 Unused Serialized files (Serialized files now loaded: 0)
System memory in use before: 257.5 MB.
System memory in use after: 257.8 MB.

Unloading 20 unused Assets to reduce memory usage. Loaded Objects now: 4548.
Total: 3.258409 ms (FindLiveObjects: 0.355585 ms CreateObjectMapping: 0.141719 ms MarkObjects: 2.740058 ms  DeleteObjects: 0.020060 ms)

AssetImportParameters requested are different than current active one (requested -> active):
  custom:video-decoder-ogg-theora: a1e56fd34408186e4bbccfd4996cb3dc -> 
  custom:container-muxer-webm: aa71ff27fc2769a1b78a27578f13a17b -> 
  custom:container-demuxer-webm: 4f35f7cbe854078d1ac9338744f61a02 -> 
  custom:container-demuxer-ogg: 62fdf1f143b41e24485cea50d1cbac27 -> 
  custom:video-encoder-webm-vp8: eb34c28f22e8b96e1ab97ce403110664 -> 
  custom:framework-osx-AVFoundation: b23960f63f64bdc6ff669e2cdcee2391 -> 
  custom:video-decoder-webm-vp8: 9c59270c3fd7afecdb556c50c9e8de78 -> 
  custom:graphics/normal-map-encoding: 01000000000000000000000000000000 -> 02000000000000000000000000000000
  custom:audio-decoder-ogg-vorbis: bf7c407c2cedff20999df2af8eb42d56 -> 
  custom:audio-encoder-webm-vorbis: bf7c407c2cedff20999df2af8eb42d56 -> 
